Performing C++ SOURCE FILE Test CMAKE_HAVE_LIBC_PTHREAD failed with the following output:
Change Dir: /home/aint/park/Musicial/project/web/build/CMakeFiles/CMakeTmp

Run Build Command(s):/usr/bin/make -f Makefile cmTC_b4ada/fast && /usr/bin/make  -f CMakeFiles/cmTC_b4ada.dir/build.make CMakeFiles/cmTC_b4ada.dir/build
make[1]: Entering directory '/home/aint/park/Musicial/project/web/build/CMakeFiles/CMakeTmp'
Building CXX object CMakeFiles/cmTC_b4ada.dir/src.cxx.o
/usr/bin/c++ -DCMAKE_HAVE_LIBC_PTHREAD  -std=gnu++2a -o CMakeFiles/cmTC_b4ada.dir/src.cxx.o -c /home/aint/park/Musicial/project/web/build/CMakeFiles/CMakeTmp/src.cxx
Linking CXX executable cmTC_b4ada
/home/aint/.local/lib/python3.8/site-packages/cmake/data/bin/cmake -E cmake_link_script CMakeFiles/cmTC_b4ada.dir/link.txt --verbose=1
/usr/bin/c++ CMakeFiles/cmTC_b4ada.dir/src.cxx.o -o cmTC_b4ada 
/usr/bin/ld: CMakeFiles/cmTC_b4ada.dir/src.cxx.o: in function `main':
src.cxx:(.text+0x46): undefined reference to `pthread_create'
/usr/bin/ld: src.cxx:(.text+0x52): undefined reference to `pthread_detach'
/usr/bin/ld: src.cxx:(.text+0x5e): undefined reference to `pthread_cancel'
/usr/bin/ld: src.cxx:(.text+0x6f): undefined reference to `pthread_join'
collect2: error: ld returned 1 exit status
make[1]: *** [CMakeFiles/cmTC_b4ada.dir/build.make:99: cmTC_b4ada] Error 1
make[1]: Leaving directory '/home/aint/park/Musicial/project/web/build/CMakeFiles/CMakeTmp'
make: *** [Makefile:127: cmTC_b4ada/fast] Error 2


Source file was:
#include <pthread.h>

static void* test_func(void* data)
{
  return data;
}

int main(void)
{
  pthread_t thread;
  pthread_create(&thread, NULL, test_func, NULL);
  pthread_detach(thread);
  pthread_cancel(thread);
  pthread_join(thread, NULL);
  pthread_atfork(NULL, NULL, NULL);
  pthread_exit(NULL);

  return 0;
}

Determining if the function pthread_create exists in the pthreads failed with the following output:
Change Dir: /home/aint/park/Musicial/project/web/build/CMakeFiles/CMakeTmp

Run Build Command(s):/usr/bin/make -f Makefile cmTC_2652d/fast && /usr/bin/make  -f CMakeFiles/cmTC_2652d.dir/build.make CMakeFiles/cmTC_2652d.dir/build
make[1]: Entering directory '/home/aint/park/Musicial/project/web/build/CMakeFiles/CMakeTmp'
Building CXX object CMakeFiles/cmTC_2652d.dir/CheckFunctionExists.cxx.o
/usr/bin/c++   -DCHECK_FUNCTION_EXISTS=pthread_create -std=gnu++2a -o CMakeFiles/cmTC_2652d.dir/CheckFunctionExists.cxx.o -c /home/aint/park/Musicial/project/web/build/CMakeFiles/CheckLibraryExists/CheckFunctionExists.cxx
Linking CXX executable cmTC_2652d
/home/aint/.local/lib/python3.8/site-packages/cmake/data/bin/cmake -E cmake_link_script CMakeFiles/cmTC_2652d.dir/link.txt --verbose=1
/usr/bin/c++  -DCHECK_FUNCTION_EXISTS=pthread_create CMakeFiles/cmTC_2652d.dir/CheckFunctionExists.cxx.o -o cmTC_2652d  -lpthreads 
/usr/bin/ld: cannot find -lpthreads
collect2: error: ld returned 1 exit status
make[1]: *** [CMakeFiles/cmTC_2652d.dir/build.make:99: cmTC_2652d] Error 1
make[1]: Leaving directory '/home/aint/park/Musicial/project/web/build/CMakeFiles/CMakeTmp'
make: *** [Makefile:127: cmTC_2652d/fast] Error 2



